#
# There is insufficient memory for the Java Runtime Environment to continue.
# Native memory allocation (mmap) failed to map 132120576 bytes for G1 virtual space
# Possible reasons:
#   The system is out of physical RAM or swap space
#   The process is running with CompressedOops enabled, and the Java Heap may be blocking the growth of the native heap
# Possible solutions:
#   Reduce memory load on the system
#   Increase physical memory or swap space
#   Check if swap backing store is full
#   Decrease Java heap size (-Xmx/-Xms)
#   Decrease number of Java threads
#   Decrease Java thread stack sizes (-Xss)
#   Set larger code cache with -XX:ReservedCodeCacheSize=
#   JVM is running with Unscaled Compressed Oops mode in which the Java heap is
#     placed in the first 4GB address space. The Java Heap base address is the
#     maximum limit for the native heap growth. Please use -XX:HeapBaseMinAddress
#     to set the Java Heap base and to place the Java Heap above 4GB virtual address.
# This output file may be truncated or incomplete.
#
#  Out of Memory Error (os_windows.cpp:3469), pid=9096, tid=10176
#
# JRE version:  (17.0.1+12) (build )
# Java VM: OpenJDK 64-Bit Server VM (17.0.1+12, mixed mode, sharing, tiered, compressed oops, compressed class ptrs, g1 gc, windows-amd64)
# No core dump will be written. Minidumps are not enabled by default on client versions of Windows
#

---------------  S U M M A R Y ------------

Command Line: -Dorg.gradle.appname=gradlew org.gradle.wrapper.GradleWrapperMain -Dorg.gradle.java.home=D:/elisei/mcreator/mcreator snaphots/MCreator.EAP.2022.1.b18711.Windows.64bit/MCreatorEAP20221b18711/jdk --stop

Host: Intel(R) Core(TM) i5-10300H CPU @ 2.50GHz, 8 cores, 7G,  Windows 10 , 64 bit Build 22598 (10.0.22598.1)
Time: Sun Apr 24 15:37:35 2022 GTB, ors 10 , 64 bit Build 22598 (10.0.22598.1) elapsed time: 0.090359 seconds (0d 0h 0m 0s)

---------------  T H R E A D  ---------------

Current thread (0x000002a395b4bfa0):  JavaThread "Unknown thread" [_thread_in_vm, id=10176, stack(0x000000e7ee700000,0x000000e7ee800000)]

Stack: [0x000000e7ee700000,0x000000e7ee800000]
Native frames: (J=compiled Java code, j=interpreted, Vv=VM code, C=native code)
V  [jvm.dll+0x6744da]
V  [jvm.dll+0x82e144]
V  [jvm.dll+0x82f8ee]
V  [jvm.dll+0x82ff53]
V  [jvm.dll+0x245175]
V  [jvm.dll+0x6714c9]
V  [jvm.dll+0x665f92]
V  [jvm.dll+0x303c3b]
V  [jvm.dll+0x30b176]
V  [jvm.dll+0x35af1e]
V  [jvm.dll+0x35b14f]
V  [jvm.dll+0x2dab78]
V  [jvm.dll+0x2dbae4]
V  [jvm.dll+0x7ffdf1]
V  [jvm.dll+0x368c91]
V  [jvm.dll+0x7df2cc]
V  [jvm.dll+0x3eb59f]
V  [jvm.dll+0x3ed121]
C  [jli.dll+0x5277]
C  [ucrtbase.dll+0x29363]
C  [KERNEL32.DLL+0x1244d]
C  [ntdll.dll+0x5df88]


---------------  P R O C E S S  ---------------

Threads class SMR info:
_java_thread_list=0x00007ffba56b4e58, length=0, elements={
}

Java Threads: ( => current thread )

Other Threads:
  0x000002a397bae590 GCTaskThread "GC Thread#0" [stack: 0x000000e7ee800000,0x000000e7ee900000] [id=10336]
  0x000002a397bbeef0 ConcurrentGCThread "G1 Main Marker" [stack: 0x000000e7ee900000,0x000000e7eea00000] [id=17712]
  0x000002a397bc1fd0 ConcurrentGCThread "G1 Conc#0" [stack: 0x000000e7eea00000,0x000000e7eeb00000] [id=13612]

[error occurred during error reporting (printing all threads), id 0xc0000005, EXCEPTION_ACCESS_VIOLATION (0xc0000005) at pc=0x00007ffba4e8b5f7]

VM state: not at safepoint (not fully initialized)

VM Mutex/Monitor currently owned by a thread:  ([mutex/lock_event])
[0x000002a397b6d6c0] Heap_lock - owner thread: 0x000002a395b4bfa0

Heap address: 0x0000000083200000, size: 1998 MB, Compressed Oops mode: 32-bit

CDS archive(s) mapped at: [0x0000000000000000-0x0000000000000000-0x0000000000000000), size 0, SharedBaseAddress: 0x0000000800000000, ArchiveRelocationMode: 0.
Narrow klass base: 0x0000000000000000, Narrow klass shift: 0, Narrow klass range: 0x0

GC Precious Log:
<Empty>

Heap:
 garbage-first heap   total 0K, used 0K [0x0000000083200000, 0x0000000100000000)
  region size 1024K, 0 young (0K), 0 survivors (0K)

[error occurred during error reporting (printing heap information), id 0xc0000005, EXCEPTION_ACCESS_VIOLATION (0xc0000005) at pc=0x00007ffba526d729]

GC Heap History (0 events):
No events

Deoptimization events (0 events):
No events

Classes unloaded (0 events):
No events

Classes redefined (0 events):
No events

Internal exceptions (0 events):
No events

VM Operations (0 events):
No events

Events (1 events):
Event: 0.005 Loaded shared library D:\elisei\mcreator\mcreator snaphots\MCreator.EAP.2022.1.b18711.Windows.64bit\MCreatorEAP20221b18711\jdk\bin\java.dll


Dynamic libraries:
0x00007ff7173d0000 - 0x00007ff7173de000 	D:\elisei\mcreator\mcreator snaphots\MCreator.EAP.2022.1.b18711.Windows.64bit\MCreatorEAP20221b18711\jdk\bin\java.exe
0x00007ffbfb1b0000 - 0x00007ffbfb3c2000 	C:\WINDOWS\SYSTEM32\ntdll.dll
0x00007ffbf9a20000 - 0x00007ffbf9ae2000 	C:\WINDOWS\System32\KERNEL32.DLL
0x00007ffbf8600000 - 0x00007ffbf899b000 	C:\WINDOWS\System32\KERNELBASE.dll
0x00007ffbf8bb0000 - 0x00007ffbf8cc1000 	C:\WINDOWS\System32\ucrtbase.dll
0x00007ffbebaf0000 - 0x00007ffbebb09000 	D:\elisei\mcreator\mcreator snaphots\MCreator.EAP.2022.1.b18711.Windows.64bit\MCreatorEAP20221b18711\jdk\bin\VCRUNTIME140.dll
0x00007ffbf18f0000 - 0x00007ffbf1908000 	D:\elisei\mcreator\mcreator snaphots\MCreator.EAP.2022.1.b18711.Windows.64bit\MCreatorEAP20221b18711\jdk\bin\jli.dll
0x00007ffbfab40000 - 0x00007ffbfaceb000 	C:\WINDOWS\System32\USER32.dll
0x00007ffbf89a0000 - 0x00007ffbf89c6000 	C:\WINDOWS\System32\win32u.dll
0x00007ffbd1330000 - 0x00007ffbd15be000 	C:\WINDOWS\WinSxS\amd64_microsoft.windows.common-controls_6595b64144ccf1df_6.0.22598.1_none_5f058c2d9dc925ef\COMCTL32.dll
0x00007ffbfa7c0000 - 0x00007ffbfa7e9000 	C:\WINDOWS\System32\GDI32.dll
0x00007ffbf8cd0000 - 0x00007ffbf8de8000 	C:\WINDOWS\System32\gdi32full.dll
0x00007ffbf9960000 - 0x00007ffbf9a05000 	C:\WINDOWS\System32\msvcrt.dll
0x00007ffbf89d0000 - 0x00007ffbf8a6a000 	C:\WINDOWS\System32\msvcp_win.dll
0x00007ffbfab00000 - 0x00007ffbfab31000 	C:\WINDOWS\System32\IMM32.DLL
0x00007ffbf4e30000 - 0x00007ffbf4e3c000 	D:\elisei\mcreator\mcreator snaphots\MCreator.EAP.2022.1.b18711.Windows.64bit\MCreatorEAP20221b18711\jdk\bin\vcruntime140_1.dll
0x00007ffbe0c40000 - 0x00007ffbe0cd1000 	D:\elisei\mcreator\mcreator snaphots\MCreator.EAP.2022.1.b18711.Windows.64bit\MCreatorEAP20221b18711\jdk\bin\msvcp140.dll
0x00007ffba4ba0000 - 0x00007ffba57e6000 	D:\elisei\mcreator\mcreator snaphots\MCreator.EAP.2022.1.b18711.Windows.64bit\MCreatorEAP20221b18711\jdk\bin\server\jvm.dll
0x00007ffbf96e0000 - 0x00007ffbf978e000 	C:\WINDOWS\System32\ADVAPI32.dll
0x00007ffbfa6a0000 - 0x00007ffbfa744000 	C:\WINDOWS\System32\sechost.dll
0x00007ffbf9840000 - 0x00007ffbf9955000 	C:\WINDOWS\System32\RPCRT4.dll
0x00007ffbfa2e0000 - 0x00007ffbfa2e8000 	C:\WINDOWS\System32\PSAPI.DLL
0x00007ffbf2d50000 - 0x00007ffbf2d59000 	C:\WINDOWS\SYSTEM32\WSOCK32.dll
0x00007ffbec360000 - 0x00007ffbec36a000 	C:\WINDOWS\SYSTEM32\VERSION.dll
0x00007ffbf0350000 - 0x00007ffbf0384000 	C:\WINDOWS\SYSTEM32\WINMM.dll
0x00007ffbf9240000 - 0x00007ffbf92b1000 	C:\WINDOWS\System32\WS2_32.dll
0x00007ffbf7730000 - 0x00007ffbf7748000 	C:\WINDOWS\SYSTEM32\kernel.appcore.dll
0x00007ffbf1ee0000 - 0x00007ffbf1eea000 	D:\elisei\mcreator\mcreator snaphots\MCreator.EAP.2022.1.b18711.Windows.64bit\MCreatorEAP20221b18711\jdk\bin\jimage.dll
0x00007ffbf5950000 - 0x00007ffbf5b7e000 	C:\WINDOWS\SYSTEM32\DBGHELP.DLL
0x00007ffbfa2f0000 - 0x00007ffbfa676000 	C:\WINDOWS\System32\combase.dll
0x00007ffbf9600000 - 0x00007ffbf96d7000 	C:\WINDOWS\System32\OLEAUT32.dll
0x00007ffbebf60000 - 0x00007ffbebf92000 	C:\WINDOWS\SYSTEM32\dbgcore.DLL
0x00007ffbf8a70000 - 0x00007ffbf8aeb000 	C:\WINDOWS\System32\bcryptPrimitives.dll
0x00007ffbea670000 - 0x00007ffbea695000 	D:\elisei\mcreator\mcreator snaphots\MCreator.EAP.2022.1.b18711.Windows.64bit\MCreatorEAP20221b18711\jdk\bin\java.dll

dbghelp: loaded successfully - version: 4.0.5 - missing functions: none
symbol engine: initialized successfully - sym options: 0x614 - pdb path: .;D:\elisei\mcreator\mcreator snaphots\MCreator.EAP.2022.1.b18711.Windows.64bit\MCreatorEAP20221b18711\jdk\bin;C:\WINDOWS\SYSTEM32;C:\WINDOWS\WinSxS\amd64_microsoft.windows.common-controls_6595b64144ccf1df_6.0.22598.1_none_5f058c2d9dc925ef;D:\elisei\mcreator\mcreator snaphots\MCreator.EAP.2022.1.b18711.Windows.64bit\MCreatorEAP20221b18711\jdk\bin\server

VM Arguments:
jvm_args: -Dorg.gradle.appname=gradlew 
java_command: org.gradle.wrapper.GradleWrapperMain -Dorg.gradle.java.home=D:/elisei/mcreator/mcreator snaphots/MCreator.EAP.2022.1.b18711.Windows.64bit/MCreatorEAP20221b18711/jdk --stop
java_class_path (initial): D:\system apps\mcreator Workspace\Puzzle_Jump\\gradle\wrapper\gradle-wrapper.jar
Launcher Type: SUN_STANDARD

[Global flags]
     intx CICompilerCount                          = 4                                         {product} {ergonomic}
     uint ConcGCThreads                            = 2                                         {product} {ergonomic}
     uint G1ConcRefinementThreads                  = 8                                         {product} {ergonomic}
   size_t G1HeapRegionSize                         = 1048576                                   {product} {ergonomic}
    uintx GCDrainStackTargetSize                   = 64                                        {product} {ergonomic}
   size_t InitialHeapSize                          = 132120576                                 {product} {ergonomic}
   size_t MarkStackSize                            = 4194304                                   {product} {ergonomic}
   size_t MaxHeapSize                              = 2095054848                                {product} {ergonomic}
   size_t MinHeapDeltaBytes                        = 1048576                                   {product} {ergonomic}
   size_t MinHeapSize                              = 8388608                                   {product} {ergonomic}
    uintx NonNMethodCodeHeapSize                   = 5839372                                {pd product} {ergonomic}
    uintx NonProfiledCodeHeapSize                  = 122909434                              {pd product} {ergonomic}
    uintx ProfiledCodeHeapSize                     = 122909434                              {pd product} {ergonomic}
    uintx ReservedCodeCacheSize                    = 251658240                              {pd product} {ergonomic}
     bool SegmentedCodeCache                       = true                                      {product} {ergonomic}
   size_t SoftMaxHeapSize                          = 2095054848                             {manageable} {ergonomic}
     bool UseCompressedClassPointers               = true                           {product lp64_product} {ergonomic}
     bool UseCompressedOops                        = true                           {product lp64_product} {ergonomic}
     bool UseG1GC                                  = true                                      {product} {ergonomic}
     bool UseLargePagesIndividualAllocation        = false                                  {pd product} {ergonomic}

Logging:
Log output configuration:
 #0: stdout all=warning uptime,level,tags
 #1: stderr all=off uptime,level,tags

Environment Variables:
JAVA_HOME=D:\elisei\mcreator\mcreator snaphots\MCreator.EAP.2022.1.b18711.Windows.64bit\MCreatorEAP20221b18711\jdk
CLASSPATH=D:\system apps\mcreator Workspace\Puzzle_Jump\\gradle\wrapper\gradle-wrapper.jar
PATH=C:\Program Files (x86)\Common Files\Intel\Shared Libraries\redist\intel64\compiler;C:\Program Files\Common Files\Oracle\Java\javapath;C:\Program Files (x86)\Common Files\Oracle\Java\javapath;C:\WINDOWS\system32;C:\WINDOWS;C:\WINDOWS\System32\Wbem;C:\WINDOWS\System32\WindowsPowerShell\v1.0\;C:\WINDOWS\System32\OpenSSH\;C:\Program Files (x86)\NVIDIA Corporation\PhysX\Common;C:\Program Files\NVIDIA Corporation\NVIDIA NvDLISR;C:\WINDOWS\system32;C:\WINDOWS;C:\WINDOWS\System32\Wbem;C:\WINDOWS\System32\WindowsPowerShell\v1.0\;C:\WINDOWS\System32\OpenSSH\;C:\Program Files\dotnet\;C:\HaxeToolkit\haxe;C:\HaxeToolkit\neko;C:\Users\elise\AppData\Local\Microsoft\WindowsApps;C:\Users\elise\AppData\Local\Programs\Microsoft VS Code\bin;D:\elisei\mcreator\mcreator snaphots\MCreator.EAP.2022.1.b18711.Windows.64bit\MCreatorEAP20221b18711\jdk\bin
USERNAME=elise
OS=Windows_NT
PROCESSOR_IDENTIFIER=Intel64 Family 6 Model 165 Stepping 2, GenuineIntel



---------------  S Y S T E M  ---------------

OS:
 Windows 10 , 64 bit Build 22598 (10.0.22598.1)
OS uptime: 2 days 20:32 hours
Hyper-V role detected

CPU: total 8 (initial active 8) (4 cores per cpu, 2 threads per core) family 6 model 165 stepping 2 microcode 0xf0, cx8, cmov, fxsr, ht, mmx, 3dnowpref, sse, sse2, sse3, ssse3, sse4.1, sse4.2, popcnt, lzcnt, tsc, tscinvbit, avx, avx2, aes, erms, clmul, bmi1, bmi2, adx, fma, vzeroupper, clflush, clflushopt, hv

Memory: 4k page, system-wide physical 7985M (630M free)
TotalPageFile size 32561M (AvailPageFile size 10M)
current process WorkingSet (physical memory assigned to process): 11M, peak: 11M
current process commit charge ("private bytes"): 60M, peak: 186M

vm_info: OpenJDK 64-Bit Server VM (17.0.1+12) for windows-amd64 JRE (17.0.1+12), built on Oct 20 2021 07:42:55 by "" with MS VC++ 16.7 (VS2019)

END.
